<?xml version="1.0" encoding="UTF-8"?>
<!-- Generated by org.testng.reporters.JUnitReportReporter -->
<testsuite hostname="DESKTOP-R63P8RC" failures="0" tests="2" name="com.w2a.testcase.LoginTest" time="15.489" errors="0" timestamp="18 May 2021 14:01:27 GMT" skipped="0">
  <testcase classname="com.w2a.testcase.LoginTest" name="InvalidLogin" time="4.867"/>
  <testcase classname="com.w2a.testcase.LoginTest" name="Validlogin" time="10.622"/>
</testsuite> <!-- com.w2a.testcase.LoginTest -->
